[9420:9284:0710/235852:INFO:AppRunner.cpp(619)] Begin run process geeplayer
[9420:9284:0710/235852:INFO:AppRunner.cpp(623)] ProductName is GeePlayer1
[9420:9284:0710/235852:INFO:AppRunner.cpp(662)] apppluginbase version is 4.3.4.80
[9420:9284:0710/235852:INFO:UIlib.cpp(192)] quilib: version is 4.3.4.78
[9420:9284:0710/235852:INFO:serviceManager.cpp(687)] mainprocessisrunning key is set as 1
[9420:9284:0710/235852:INFO:serviceManager.cpp(800)] create local service plugin PluginServerStatePlugin
[9420:9284:0710/235852:INFO:serviceManager.cpp(857)] plugin PluginServerStatePlugin DoPluginInit
[9420:9284:0710/235852:INFO:serviceManager.cpp(1523)] repository parse over
[9420:9284:0710/235852:INFO:UIManager.cpp(372)] quilib:call set resouce path, path is c:\program files (x86)\iqiyi video\geeplayer\2.5.35.3301\skin
[9420:9284:0710/235852:INFO:UIDlgBuilder.cpp(407)] quilib:create root control failed
[9420:9284:0710/235852:INFO:UIDlgBuilder.cpp(407)] quilib:create root control failed
[9420:9284:0710/235852:INFO:UIDlgBuilder.cpp(407)] quilib:create root control failed
[9420:9284:0710/235852:INFO:UIDlgBuilder.cpp(407)] quilib:create root control failed
[9420:9284:0710/235852:INFO:UIDlgBuilder.cpp(407)] quilib:create root control failed
[9420:9284:0710/235852:INFO:UIDlgBuilder.cpp(407)] quilib:create root control failed
[9420:9284:0710/235854:INFO:AppRunner.cpp(715)] loop exit geeplayer call main plugin DestoryPluginEntry
[9420:9284:0710/235854:INFO:IPlugin.cpp(117)] real plugin mainPlugin call DestroyPlugin
[9420:9284:0710/235854:INFO:IPlugin.cpp(374)] destruct plugin mainPlugin
[9420:9284:0710/235854:INFO:serviceManager.cpp(1608)] mainPlugin plugin had destroy by DestructPlugin
[9420:9284:0710/235854:INFO:serviceManager.cpp(2532)] DestructManager begin
[9420:9284:0710/235854:INFO:IPlugin.cpp(374)] destruct plugin PluginServerStatePlugin
[9420:9284:0710/235854:INFO:IPlugin.cpp(286)] real plugin PluginServerStatePlugin call DestroyPlugin
[9420:9284:0710/235854:INFO:serviceManager.cpp(1608)] PluginServerStatePlugin plugin had destroy by DestructPlugin
[9420:9284:0710/235854:INFO:serviceManager.cpp(2408)] DeleteLeftPlugins begin
[9420:9284:0710/235854:INFO:serviceManager.cpp(2470)] DeleteLeftPlugins end
[9420:9284:0710/235854:INFO:serviceManager.cpp(687)] mainprocessisrunning key is set as 0
[9420:9284:0710/235854:INFO:AppRunner.cpp(730)] close mutex of process geeplayer
[9420:9284:0710/235854:INFO:AppRunner.cpp(738)] run process geeplayer end
